Determining if the pthread_create exist failed with the following output:
Change Dir: /home/phk3601/obj-lst-vis/build/CMakeFiles/CMakeTmp

Run Build Command:"/usr/bin/make" "cmTC_7549f/fast"
/usr/bin/make -f CMakeFiles/cmTC_7549f.dir/build.make CMakeFiles/cmTC_7549f.dir/build
make[1]: Verzeichnis „/home/phk3601/obj-lst-vis/build/CMakeFiles/CMakeTmp“ wird betreten
Building C object CMakeFiles/cmTC_7549f.dir/CheckSymbolExists.c.o
/usr/bin/cc    -o CMakeFiles/cmTC_7549f.dir/CheckSymbolExists.c.o   -c /home/phk3601/obj-lst-vis/build/CMakeFiles/CMakeTmp/CheckSymbolExists.c
Linking C executable cmTC_7549f
/usr/bin/cmake -E cmake_link_script CMakeFiles/cmTC_7549f.dir/link.txt --verbose=1
/usr/bin/cc      -rdynamic CMakeFiles/cmTC_7549f.dir/CheckSymbolExists.c.o  -o cmTC_7549f 
CMakeFiles/cmTC_7549f.dir/CheckSymbolExists.c.o: In Funktion »main«:
CheckSymbolExists.c:(.text+0x1b): Warnung: undefinierter Verweis auf »pthread_create«
collect2: error: ld returned 1 exit status
CMakeFiles/cmTC_7549f.dir/build.make:97: recipe for target 'cmTC_7549f' failed
make[1]: *** [cmTC_7549f] Error 1
make[1]: Verzeichnis „/home/phk3601/obj-lst-vis/build/CMakeFiles/CMakeTmp“ wird verlassen
Makefile:126: recipe for target 'cmTC_7549f/fast' failed
make: *** [cmTC_7549f/fast] Error 2

File /home/phk3601/obj-lst-vis/build/CMakeFiles/CMakeTmp/CheckSymbolExists.c:
/* */
#include <pthread.h>

int main(int argc, char** argv)
{
  (void)argv;
#ifndef pthread_create
  return ((int*)(&pthread_create))[argc];
#else
  (void)argc;
  return 0;
#endif
}

Determining if the function pthread_create exists in the pthreads failed with the following output:
Change Dir: /home/phk3601/obj-lst-vis/build/CMakeFiles/CMakeTmp

Run Build Command:"/usr/bin/make" "cmTC_0a73c/fast"
/usr/bin/make -f CMakeFiles/cmTC_0a73c.dir/build.make CMakeFiles/cmTC_0a73c.dir/build
make[1]: Verzeichnis „/home/phk3601/obj-lst-vis/build/CMakeFiles/CMakeTmp“ wird betreten
Building C object CMakeFiles/cmTC_0a73c.dir/CheckFunctionExists.c.o
/usr/bin/cc   -DCHECK_FUNCTION_EXISTS=pthread_create   -o CMakeFiles/cmTC_0a73c.dir/CheckFunctionExists.c.o   -c /usr/share/cmake-3.10/Modules/CheckFunctionExists.c
Linking C executable cmTC_0a73c
/usr/bin/cmake -E cmake_link_script CMakeFiles/cmTC_0a73c.dir/link.txt --verbose=1
/usr/bin/cc  -DCHECK_FUNCTION_EXISTS=pthread_create    -rdynamic CMakeFiles/cmTC_0a73c.dir/CheckFunctionExists.c.o  -o cmTC_0a73c -lpthreads 
/usr/bin/ld: -lpthreads kann nicht gefunden werden
collect2: error: ld returned 1 exit status
CMakeFiles/cmTC_0a73c.dir/build.make:97: recipe for target 'cmTC_0a73c' failed
make[1]: *** [cmTC_0a73c] Error 1
make[1]: Verzeichnis „/home/phk3601/obj-lst-vis/build/CMakeFiles/CMakeTmp“ wird verlassen
Makefile:126: recipe for target 'cmTC_0a73c/fast' failed
make: *** [cmTC_0a73c/fast] Error 2


